<?xml version="1.0" encoding="UTF-8"?>
<!-- Generated by org.testng.reporters.JUnitXMLReporter -->
<testsuite ignored="0" hostname="DESKTOP-RCJQTGO" failures="0" tests="5" name="Default test" time="14.129" errors="0" timestamp="07 Dec 2021 17:14:16 GMT">
  <testcase classname="testingGoogleSearch.TestSearching" name="verifyGoogleTitle" time="0.015"/>
  <testcase classname="testingGoogleSearch.TestSearching" name="verifyGoogleEmptySearch" time="0.138"/>
  <testcase classname="testingGoogleSearch.TestSearching" name="percentageSignTest" time="2.161"/>
  <testcase classname="testingGoogleSearch.TestSearching" name="afterSearchLogoTest" time="2.375"/>
  <testcase classname="testingGoogleSearch.TestSearching" name="verifyGoogleAutoSuggestions" time="2.1"/>
</testsuite> <!-- Default test -->
