<?xml version="1.0" encoding="UTF-8"?>
<testng-results ignored="0" total="5" passed="5" failed="0" skipped="0">
  <reporter-output>
  </reporter-output>
  <suite started-at="2021-11-23T03:37:17Z" name="Default suite" finished-at="2021-11-23T03:37:29Z" duration-ms="12500">
    <groups>
    </groups>
    <test started-at="2021-11-23T03:37:17Z" name="Default test" finished-at="2021-11-23T03:37:29Z" duration-ms="12500">
      <class name="SingletoneTest.TestSearching">
        <test-method is-config="true" signature="setup()[pri:0, instance:SingletoneTest.TestSearching@225129c]" started-at="2021-11-23T03:37:17Z" name="setup" finished-at="2021-11-23T03:37:21Z" duration-ms="3919" status="PASS">
          <reporter-output>
          </reporter-output>
        </test-method> <!-- setup -->
        <test-method signature="verifyGoogleTitle()[pri:1, instance:SingletoneTest.TestSearching@225129c]" started-at="2021-11-23T03:37:21Z" name="verifyGoogleTitle" finished-at="2021-11-23T03:37:21Z" duration-ms="17" status="PASS">
          <reporter-output>
          </reporter-output>
        </test-method> <!-- verifyGoogleTitle -->
        <test-method signature="verifyGoogleEmptySearch()[pri:2, instance:SingletoneTest.TestSearching@225129c]" started-at="2021-11-23T03:37:21Z" name="verifyGoogleEmptySearch" finished-at="2021-11-23T03:37:21Z" duration-ms="138" status="PASS">
          <reporter-output>
          </reporter-output>
        </test-method> <!-- verifyGoogleEmptySearch -->
        <test-method signature="percentageSignTest(java.lang.String, java.lang.String, java.lang.String)[pri:3, instance:SingletoneTest.TestSearching@225129c]" started-at="2021-11-23T03:37:21Z" name="percentageSignTest" data-provider="testData" finished-at="2021-11-23T03:37:24Z" duration-ms="2114" status="PASS">
          <params>
            <param index="0">
              <value>
                <![CDATA[%]]>
              </value>
            </param>
            <param index="1">
              <value>
                <![CDATA[google]]>
              </value>
            </param>
            <param index="2">
              <value>
                <![CDATA[instab]]>
              </value>
            </param>
          </params>
          <reporter-output>
          </reporter-output>
        </test-method> <!-- percentageSignTest -->
        <test-method signature="afterSearchLogoTest(java.lang.String, java.lang.String, java.lang.String)[pri:4, instance:SingletoneTest.TestSearching@225129c]" started-at="2021-11-23T03:37:24Z" name="afterSearchLogoTest" data-provider="testData" finished-at="2021-11-23T03:37:25Z" duration-ms="1564" status="PASS">
          <params>
            <param index="0">
              <value>
                <![CDATA[%]]>
              </value>
            </param>
            <param index="1">
              <value>
                <![CDATA[google]]>
              </value>
            </param>
            <param index="2">
              <value>
                <![CDATA[instab]]>
              </value>
            </param>
          </params>
          <reporter-output>
          </reporter-output>
        </test-method> <!-- afterSearchLogoTest -->
        <test-method signature="verifyGoogleAutoSuggestions(java.lang.String, java.lang.String, java.lang.String)[pri:5, instance:SingletoneTest.TestSearching@225129c]" started-at="2021-11-23T03:37:25Z" name="verifyGoogleAutoSuggestions" data-provider="testData" finished-at="2021-11-23T03:37:29Z" duration-ms="3763" status="PASS">
          <params>
            <param index="0">
              <value>
                <![CDATA[%]]>
              </value>
            </param>
            <param index="1">
              <value>
                <![CDATA[google]]>
              </value>
            </param>
            <param index="2">
              <value>
                <![CDATA[instab]]>
              </value>
            </param>
          </params>
          <reporter-output>
          </reporter-output>
        </test-method> <!-- verifyGoogleAutoSuggestions -->
        <test-method is-config="true" signature="tearDown()[pri:0, instance:SingletoneTest.TestSearching@225129c]" started-at="2021-11-23T03:37:29Z" name="tearDown" finished-at="2021-11-23T03:37:29Z" duration-ms="274" status="PASS">
          <reporter-output>
          </reporter-output>
        </test-method> <!-- tearDown -->
      </class> <!-- SingletoneTest.TestSearching -->
    </test> <!-- Default test -->
  </suite> <!-- Default suite -->
</testng-results>
