<?xml version="1.0" encoding="UTF-8"?>
<testng-results ignored="0" total="5" passed="5" failed="0" skipped="0">
  <reporter-output>
  </reporter-output>
  <suite started-at="2021-11-23T05:16:01Z" name="Default suite" finished-at="2021-11-23T05:16:16Z" duration-ms="15034">
    <groups>
    </groups>
    <test started-at="2021-11-23T05:16:01Z" name="Default test" finished-at="2021-11-23T05:16:16Z" duration-ms="15034">
      <class name="testingGoogleSearch.TestSearching">
        <test-method is-config="true" signature="setup()[pri:0, instance:testingGoogleSearch.TestSearching@225129c]" started-at="2021-11-23T05:16:01Z" name="setup" finished-at="2021-11-23T05:16:06Z" duration-ms="4517" status="PASS">
          <reporter-output>
          </reporter-output>
        </test-method> <!-- setup -->
        <test-method signature="verifyGoogleTitle()[pri:1, instance:testingGoogleSearch.TestSearching@225129c]" started-at="2021-11-23T05:16:06Z" name="verifyGoogleTitle" finished-at="2021-11-23T05:16:06Z" duration-ms="15" status="PASS">
          <reporter-output>
          </reporter-output>
        </test-method> <!-- verifyGoogleTitle -->
        <test-method signature="verifyGoogleEmptySearch()[pri:2, instance:testingGoogleSearch.TestSearching@225129c]" started-at="2021-11-23T05:16:06Z" name="verifyGoogleEmptySearch" finished-at="2021-11-23T05:16:06Z" duration-ms="129" status="PASS">
          <reporter-output>
          </reporter-output>
        </test-method> <!-- verifyGoogleEmptySearch -->
        <test-method signature="percentageSignTest(java.lang.String, java.lang.String, java.lang.String)[pri:3, instance:testingGoogleSearch.TestSearching@225129c]" started-at="2021-11-23T05:16:07Z" name="percentageSignTest" data-provider="testData" finished-at="2021-11-23T05:16:09Z" duration-ms="2714" status="PASS">
          <params>
            <param index="0">
              <value>
                <![CDATA[%]]>
              </value>
            </param>
            <param index="1">
              <value>
                <![CDATA[google]]>
              </value>
            </param>
            <param index="2">
              <value>
                <![CDATA[instab]]>
              </value>
            </param>
          </params>
          <reporter-output>
          </reporter-output>
        </test-method> <!-- percentageSignTest -->
        <test-method signature="afterSearchLogoTest(java.lang.String, java.lang.String, java.lang.String)[pri:4, instance:testingGoogleSearch.TestSearching@225129c]" started-at="2021-11-23T05:16:09Z" name="afterSearchLogoTest" data-provider="testData" finished-at="2021-11-23T05:16:11Z" duration-ms="1701" status="PASS">
          <params>
            <param index="0">
              <value>
                <![CDATA[%]]>
              </value>
            </param>
            <param index="1">
              <value>
                <![CDATA[google]]>
              </value>
            </param>
            <param index="2">
              <value>
                <![CDATA[instab]]>
              </value>
            </param>
          </params>
          <reporter-output>
          </reporter-output>
        </test-method> <!-- afterSearchLogoTest -->
        <test-method signature="verifyGoogleAutoSuggestions(java.lang.String, java.lang.String, java.lang.String)[pri:5, instance:testingGoogleSearch.TestSearching@225129c]" started-at="2021-11-23T05:16:11Z" name="verifyGoogleAutoSuggestions" data-provider="testData" finished-at="2021-11-23T05:16:15Z" duration-ms="3955" status="PASS">
          <params>
            <param index="0">
              <value>
                <![CDATA[%]]>
              </value>
            </param>
            <param index="1">
              <value>
                <![CDATA[google]]>
              </value>
            </param>
            <param index="2">
              <value>
                <![CDATA[instab]]>
              </value>
            </param>
          </params>
          <reporter-output>
          </reporter-output>
        </test-method> <!-- verifyGoogleAutoSuggestions -->
        <test-method is-config="true" signature="tearDown()[pri:0, instance:testingGoogleSearch.TestSearching@225129c]" started-at="2021-11-23T05:16:15Z" name="tearDown" finished-at="2021-11-23T05:16:16Z" duration-ms="1248" status="PASS">
          <reporter-output>
          </reporter-output>
        </test-method> <!-- tearDown -->
      </class> <!-- testingGoogleSearch.TestSearching -->
    </test> <!-- Default test -->
  </suite> <!-- Default suite -->
</testng-results>
